2025-02-21 21:26:30 Loading main app package /usr/lib/obsidian/obsidian.asar
2025-02-21 21:26:30 Checking for update using Github
2025-02-21 21:26:30 Success.
2025-02-21 21:26:30 Latest version is 1.8.7
2025-02-21 21:26:30 App is up to date.
2025-02-21 22:00:43 Loading main app package /usr/lib/obsidian/obsidian.asar
2025-02-21 22:00:43 Checking for update using Github
2025-02-21 22:00:43 Success.
2025-02-21 22:00:43 Latest version is 1.8.7
2025-02-21 22:00:43 App is up to date.
2025-02-21 22:01:53 Loading main app package /usr/lib/obsidian/obsidian.asar
2025-02-21 22:01:53 Checking for update using Github
2025-02-21 22:02:13 Loading main app package /usr/lib/obsidian/obsidian.asar
2025-02-21 22:02:13 Checking for update using Github
2025-02-21 22:02:24 Loading main app package /usr/lib/obsidian/obsidian.asar
2025-02-21 22:02:24 Checking for update using Github
2025-02-21 22:02:24 Success.
2025-02-21 22:02:24 Latest version is 1.8.7
2025-02-21 22:02:24 App is up to date.
2025-02-21 22:08:46 Loading main app package /usr/lib/obsidian/obsidian.asar
2025-02-21 22:08:46 Checking for update using Github
2025-02-21 22:08:46 Success.
2025-02-21 22:08:46 Latest version is 1.8.7
2025-02-21 22:08:46 App is up to date.
2025-02-22 17:14:11 Loading main app package /usr/lib/obsidian/obsidian.asar
2025-02-22 17:14:11 Checking for update using Github
2025-02-22 17:14:11 Success.
2025-02-22 17:14:11 Latest version is 1.8.7
2025-02-22 17:14:11 App is up to date.
2025-02-22 20:35:39 Loading main app package /usr/lib/obsidian/obsidian.asar
2025-02-22 20:35:39 Checking for update using Github
2025-02-22 20:35:39 Success.
2025-02-22 20:35:39 Latest version is 1.8.7
2025-02-22 20:35:39 App is up to date.
2025-02-23 10:38:02 Loading main app package /usr/lib/obsidian/obsidian.asar
2025-02-23 10:38:03 Checking for update using Github
2025-02-23 10:38:03 Success.
2025-02-23 10:38:03 Latest version is 1.8.7
2025-02-23 10:38:03 App is up to date.
2025-02-23 11:38:02 Checking for update using Github
2025-02-23 11:38:02 Success.
2025-02-23 11:38:02 Latest version is 1.8.7
2025-02-23 11:38:02 App is up to date.
2025-02-23 14:54:18 Checking for update using Github
2025-02-23 14:54:19 Success.
2025-02-23 14:54:19 Latest version is 1.8.7
2025-02-23 14:54:19 App is up to date.
2025-02-23 16:25:34 Checking for update using Github
2025-02-23 16:25:34 Success.
2025-02-23 16:25:34 Latest version is 1.8.7
2025-02-23 16:25:34 App is up to date.
2025-02-23 17:25:34 Checking for update using Github
2025-02-23 17:25:34 Success.
2025-02-23 17:25:34 Latest version is 1.8.7
2025-02-23 17:25:34 App is up to date.
2025-02-23 19:21:56 Checking for update using Github
2025-02-23 19:21:56 Success.
2025-02-23 19:21:56 Latest version is 1.8.7
2025-02-23 19:21:56 App is up to date.
2025-02-23 21:31:13 Checking for update using Github
2025-02-23 21:31:13 Success.
2025-02-23 21:31:13 Latest version is 1.8.7
2025-02-23 21:31:13 App is up to date.
2025-02-24 20:40:55 Loading main app package /usr/lib/obsidian/obsidian.asar
2025-02-24 20:40:55 Checking for update using Github
2025-02-24 20:40:55 Success.
2025-02-24 20:40:55 Latest version is 1.8.7
2025-02-24 20:40:55 App is up to date.
2025-02-24 21:40:55 Checking for update using Github
2025-02-24 21:40:55 Success.
2025-02-24 21:40:55 Latest version is 1.8.7
2025-02-24 21:40:55 App is up to date.
2025-02-25 20:47:00 Loading main app package /usr/lib/obsidian/obsidian.asar
2025-02-25 20:47:00 Checking for update using Github
2025-02-25 20:47:00 Success.
2025-02-25 20:47:00 Latest version is 1.8.7
2025-02-25 20:47:00 App is up to date.
2025-02-25 21:47:00 Checking for update using Github
2025-02-25 21:47:00 Success.
2025-02-25 21:47:00 Latest version is 1.8.7
2025-02-25 21:47:00 App is up to date.
2025-02-27 20:59:00 Loading main app package /usr/lib/obsidian/obsidian.asar
2025-02-27 20:59:01 Checking for update using Github
2025-02-27 20:59:01 Success.
2025-02-27 20:59:01 Latest version is 1.8.7
2025-02-27 20:59:01 App is up to date.
2025-02-28 21:58:47 Loading main app package /usr/lib/obsidian/obsidian.asar
2025-02-28 21:58:47 Checking for update using Github
2025-02-28 21:58:47 Success.
2025-02-28 21:58:47 Latest version is 1.8.7
2025-02-28 21:58:47 App is up to date.
2025-03-02 14:33:20 Loading main app package /usr/lib/obsidian/obsidian.asar
2025-03-02 14:33:20 Checking for update using Github
2025-03-02 14:33:21 Success.
2025-03-02 14:33:21 Latest version is 1.8.7
2025-03-02 14:33:21 App is up to date.
2025-03-02 15:13:56 Loading main app package /usr/lib/obsidian/obsidian.asar
2025-03-02 15:13:57 Checking for update using Github
2025-03-02 15:13:57 Success.
2025-03-02 15:13:57 Latest version is 1.8.7
2025-03-02 15:13:57 App is up to date.
2025-03-02 18:04:19 Checking for update using Github
2025-03-02 18:04:19 Success.
2025-03-02 18:04:19 Latest version is 1.8.7
2025-03-02 18:04:19 App is up to date.
2025-03-03 20:38:07 Loading main app package /usr/lib/obsidian/obsidian.asar
2025-03-03 20:38:07 Checking for update using Github
2025-03-03 20:38:07 Success.
2025-03-03 20:38:07 Latest version is 1.8.7
2025-03-03 20:38:07 App is up to date.
2025-03-07 08:13:00 Loading main app package /usr/lib/obsidian/obsidian.asar
2025-03-07 08:13:00 Checking for update using Github
2025-03-07 08:13:00 Failed to check for update using Github (net::ERR_INTERNET_DISCONNECTED)
2025-03-07 08:13:00 Checking for update using obsidian.md
2025-03-07 08:13:00 Failed to check for update using obsidian.md (net::ERR_INTERNET_DISCONNECTED)
2025-03-07 09:12:54 Checking for update using Github
2025-03-07 09:12:55 Success.
2025-03-07 09:12:55 Latest version is 1.8.9
2025-03-07 09:12:55 Downloading update from https://github.com/obsidianmd/obsidian-releases/releases/download/v1.8.9/obsidian-1.8.9.asar.gz
2025-03-07 09:13:07 Verifying hash & signature. Size= 8125625
2025-03-07 09:13:07 Saving file
2025-03-07 09:13:08 Update complete.
2025-03-07 10:06:06 Loading main app package /usr/lib/obsidian/obsidian.asar
2025-03-07 10:06:06 Checking for update using Github
2025-03-07 10:06:07 Success.
2025-03-07 10:06:07 Latest version is 1.8.9
2025-03-07 10:06:07 App is up to date.
2025-03-07 14:29:33 Checking for update using Github
2025-03-07 14:29:33 Success.
2025-03-07 14:29:33 Latest version is 1.8.9
2025-03-07 14:29:33 App is up to date.
2025-03-13 21:24:25 Loading main app package /usr/lib/obsidian/obsidian.asar
2025-03-13 21:24:25 Checking for update using Github
2025-03-13 21:24:26 Success.
2025-03-13 21:24:26 Latest version is 1.8.9
2025-03-13 21:24:26 App is up to date.
2025-03-14 09:15:37 Loading main app package /usr/lib/obsidian/obsidian.asar
2025-03-14 09:15:38 Checking for update using Github
2025-03-14 09:15:38 Failed to check for update using Github (net::ERR_INTERNET_DISCONNECTED)
2025-03-14 09:15:38 Checking for update using obsidian.md
2025-03-14 09:15:38 Failed to check for update using obsidian.md (net::ERR_INTERNET_DISCONNECTED)
2025-03-14 10:04:52 Loading main app package /usr/lib/obsidian/obsidian.asar
2025-03-14 10:04:52 Checking for update using Github
2025-03-14 10:04:52 Success.
2025-03-14 10:04:52 Latest version is 1.8.9
2025-03-14 10:04:52 App is up to date.
2025-03-14 10:28:03 Loading main app package /usr/lib/obsidian/obsidian.asar
2025-03-14 10:28:03 Checking for update using Github
2025-03-14 10:28:03 Success.
2025-03-14 10:28:03 Latest version is 1.8.9
2025-03-14 10:28:03 App is up to date.
2025-03-17 21:05:41 Loading main app package /usr/lib/obsidian/obsidian.asar
2025-03-17 21:05:41 Checking for update using Github
2025-03-17 21:05:41 Success.
2025-03-17 21:05:41 Latest version is 1.8.9
2025-03-17 21:05:41 App is up to date.
2025-03-18 20:26:11 Loading main app package /usr/lib/obsidian/obsidian.asar
2025-03-18 20:26:11 Checking for update using Github
2025-03-18 20:26:12 Success.
2025-03-18 20:26:12 Latest version is 1.8.9
2025-03-18 20:26:12 App is up to date.
2025-03-18 21:26:11 Checking for update using Github
2025-03-18 21:26:11 Success.
2025-03-18 21:26:11 Latest version is 1.8.9
2025-03-18 21:26:11 App is up to date.
2025-03-22 15:07:54 Loading main app package /usr/lib/obsidian/obsidian.asar
2025-03-22 15:07:55 Checking for update using Github
2025-03-22 15:07:55 Success.
2025-03-22 15:07:55 Latest version is 1.8.9
2025-03-22 15:07:55 App is up to date.
2025-03-23 17:32:44 Loading main app package /usr/lib/obsidian/obsidian.asar
2025-03-23 17:32:45 Checking for update using Github
2025-03-23 17:32:45 Success.
2025-03-23 17:32:45 Latest version is 1.8.9
2025-03-23 17:32:45 App is up to date.
2025-03-23 18:32:44 Checking for update using Github
2025-03-23 18:32:44 Success.
2025-03-23 18:32:44 Latest version is 1.8.9
2025-03-23 18:32:44 App is up to date.
2025-03-24 21:09:57 Loading main app package /usr/lib/obsidian/obsidian.asar
2025-03-24 21:09:57 Checking for update using Github
2025-03-24 21:09:58 Success.
2025-03-24 21:09:58 Latest version is 1.8.9
2025-03-24 21:09:58 App is up to date.
2025-03-24 22:09:57 Checking for update using Github
2025-03-24 22:09:57 Success.
2025-03-24 22:09:57 Latest version is 1.8.9
2025-03-24 22:09:57 App is up to date.
2025-03-25 21:40:17 Loading main app package /usr/lib/obsidian/obsidian.asar
2025-03-25 21:40:17 Checking for update using Github
2025-03-25 21:40:17 Success.
2025-03-25 21:40:17 Latest version is 1.8.9
2025-03-25 21:40:17 App is up to date.
2025-03-26 21:22:53 Loading main app package /usr/lib/obsidian/obsidian.asar
2025-03-26 21:22:53 Checking for update using Github
2025-03-26 21:22:53 Success.
2025-03-26 21:22:53 Latest version is 1.8.9
2025-03-26 21:22:53 App is up to date.
2025-03-27 10:04:30 Loading main app package /usr/lib/obsidian/obsidian.asar
2025-03-27 10:04:30 Checking for update using Github
2025-03-27 10:05:22 Failed to check for update using Github (net::ERR_NAME_NOT_RESOLVED)
2025-03-27 10:05:22 Checking for update using obsidian.md
2025-03-27 21:09:07 Loading main app package /usr/lib/obsidian/obsidian.asar
2025-03-27 21:09:07 Checking for update using Github
2025-03-27 21:09:07 Success.
2025-03-27 21:09:07 Latest version is 1.8.9
2025-03-27 21:09:07 App is up to date.
2025-03-27 22:09:06 Checking for update using Github
2025-03-27 22:09:06 Success.
2025-03-27 22:09:06 Latest version is 1.8.9
2025-03-27 22:09:06 App is up to date.
2025-03-29 08:39:27 Loading main app package /usr/lib/obsidian/obsidian.asar
2025-03-29 08:39:27 Checking for update using Github
2025-03-29 08:39:27 Failed to check for update using Github (net::ERR_INTERNET_DISCONNECTED)
2025-03-29 08:39:27 Checking for update using obsidian.md
2025-03-29 08:39:27 Failed to check for update using obsidian.md (net::ERR_INTERNET_DISCONNECTED)
2025-03-29 09:39:25 Checking for update using Github
2025-03-29 09:39:25 Success.
2025-03-29 09:39:25 Latest version is 1.8.9
2025-03-29 09:39:25 App is up to date.
2025-04-08 10:23:26 Loading main app package /usr/lib/obsidian/obsidian.asar
2025-04-08 10:23:26 Checking for update using Github
2025-04-08 10:23:26 Success.
2025-04-08 10:23:26 Latest version is 1.8.9
2025-04-08 10:23:26 App is up to date.
2025-04-08 13:54:37 Loading main app package /usr/lib/obsidian/obsidian.asar
2025-04-08 13:54:37 Checking for update using Github
2025-04-08 13:54:38 Success.
2025-04-08 13:54:38 Latest version is 1.8.9
2025-04-08 13:54:38 App is up to date.
2025-04-09 06:56:34 Loading main app package /usr/lib/obsidian/obsidian.asar
2025-04-09 06:56:34 Checking for update using Github
2025-04-09 06:56:34 Success.
2025-04-09 06:56:34 Latest version is 1.8.9
2025-04-09 06:56:34 App is up to date.
2025-04-09 07:56:34 Checking for update using Github
2025-04-09 07:56:34 Success.
2025-04-09 07:56:34 Latest version is 1.8.9
2025-04-09 07:56:34 App is up to date.
2025-04-09 13:07:18 Loading main app package /usr/lib/obsidian/obsidian.asar
2025-04-09 13:07:18 Checking for update using Github
2025-04-09 13:10:53 Failed to check for update using Github (net::ERR_NETWORK_CHANGED)
2025-04-09 13:10:53 Checking for update using obsidian.md
2025-04-09 13:10:53 Failed to check for update using obsidian.md (net::ERR_INTERNET_DISCONNECTED)
2025-04-09 13:30:24 Loading main app package /usr/lib/obsidian/obsidian.asar
2025-04-09 13:30:25 Checking for update using Github
2025-04-09 13:32:25 Failed to check for update using Github (net::ERR_NAME_NOT_RESOLVED)
2025-04-09 13:32:25 Checking for update using obsidian.md
2025-04-09 13:36:16 Failed to check for update using obsidian.md (net::ERR_NAME_NOT_RESOLVED)
2025-04-09 14:30:24 Checking for update using Github
2025-04-09 14:33:39 Failed to check for update using Github (net::ERR_NAME_NOT_RESOLVED)
2025-04-09 14:33:39 Checking for update using obsidian.md
2025-04-09 14:37:05 Failed to check for update using obsidian.md (net::ERR_NAME_NOT_RESOLVED)
2025-04-09 15:30:24 Checking for update using Github
2025-04-09 15:31:10 Loading main app package /usr/lib/obsidian/obsidian.asar
2025-04-09 15:31:10 Checking for update using Github
2025-04-09 15:34:26 Failed to check for update using Github (net::ERR_NAME_NOT_RESOLVED)
2025-04-09 15:34:26 Checking for update using obsidian.md
2025-04-09 15:37:36 Failed to check for update using obsidian.md (net::ERR_NAME_NOT_RESOLVED)
2025-04-09 16:58:58 Loading main app package /usr/lib/obsidian/obsidian.asar
2025-04-09 16:58:58 Checking for update using Github
2025-04-09 17:01:38 Failed to check for update using Github (net::ERR_NAME_NOT_RESOLVED)
2025-04-09 17:01:38 Checking for update using obsidian.md
2025-04-09 17:04:19 Failed to check for update using obsidian.md (net::ERR_NAME_NOT_RESOLVED)
2025-04-10 07:05:27 Loading main app package /usr/lib/obsidian/obsidian.asar
2025-04-10 07:05:27 Checking for update using Github
2025-04-10 07:05:27 Success.
2025-04-10 07:05:27 Latest version is 1.8.9
2025-04-10 07:05:27 App is up to date.
2025-04-10 09:40:23 Loading main app package /usr/lib/obsidian/obsidian.asar
2025-04-10 09:40:23 Checking for update using Github
2025-04-10 09:40:23 Failed to check for update using Github (net::ERR_INTERNET_DISCONNECTED)
2025-04-10 09:40:23 Checking for update using obsidian.md
2025-04-10 09:40:23 Failed to check for update using obsidian.md (net::ERR_INTERNET_DISCONNECTED)
2025-04-10 09:51:48 Loading main app package /usr/lib/obsidian/obsidian.asar
2025-04-10 09:51:48 Checking for update using Github
2025-04-10 09:51:48 Success.
2025-04-10 09:51:48 Latest version is 1.8.9
2025-04-10 09:51:48 App is up to date.
2025-04-10 10:49:48 Loading main app package /usr/lib/obsidian/obsidian.asar
2025-04-10 10:49:48 Checking for update using Github
2025-04-10 10:53:01 Failed to check for update using Github (net::ERR_NAME_NOT_RESOLVED)
2025-04-10 10:53:01 Checking for update using obsidian.md
2025-04-10 10:56:19 Failed to check for update using obsidian.md (net::ERR_NAME_NOT_RESOLVED)
2025-04-10 14:31:16 Loading main app package /usr/lib/obsidian/obsidian.asar
2025-04-10 14:31:16 Checking for update using Github
2025-04-10 14:33:57 Failed to check for update using Github (net::ERR_NAME_NOT_RESOLVED)
2025-04-10 14:33:57 Checking for update using obsidian.md
2025-04-10 14:36:42 Failed to check for update using obsidian.md (net::ERR_NAME_NOT_RESOLVED)
